2019-08-28T16:45:58.262655Z 0 [Warning] TIMESTAMP with implicit DEFAULT value is deprecated. Please use --explicit_defaults_for_timestamp server option (see documentation for more details).
2019-08-28T16:45:58.272537Z 0 [Note] /usr/sbin/mysqld (mysqld 5.7.23) starting as process 29 ...
2019-08-28T16:45:58.371092Z 0 [Note] InnoDB: PUNCH HOLE support available
2019-08-28T16:45:58.371317Z 0 [Note] InnoDB: Mutexes and rw_locks use GCC atomic builtins
2019-08-28T16:45:58.371463Z 0 [Note] InnoDB: Uses event mutexes
2019-08-28T16:45:58.371616Z 0 [Note] InnoDB: GCC builtin __atomic_thread_fence() is used for memory barrier
2019-08-28T16:45:58.371755Z 0 [Note] InnoDB: Compressed tables use zlib 1.2.3
2019-08-28T16:45:58.371889Z 0 [Note] InnoDB: Using Linux native AIO
2019-08-28T16:45:58.377969Z 0 [Note] InnoDB: Number of pools: 1
2019-08-28T16:45:58.387655Z 0 [Note] InnoDB: Using CPU crc32 instructions
2019-08-28T16:45:58.396127Z 0 [Note] InnoDB: Initializing buffer pool, total size = 32M, instances = 1, chunk size = 32M
2019-08-28T16:45:58.436740Z 0 [Note] InnoDB: Completed initialization of buffer pool
2019-08-28T16:45:58.447712Z 0 [Note] InnoDB: If the mysqld execution user is authorized, page cleaner thread priority can be changed. See the man page of setpriority().
2019-08-28T16:45:58.499123Z 0 [Note] InnoDB: Highest supported file format is Barracuda.
2019-08-28T16:45:58.505342Z 0 [Note] InnoDB: Log scan progressed past the checkpoint lsn 2588963
2019-08-28T16:45:58.505752Z 0 [Note] InnoDB: Doing recovery: scanned up to log sequence number 2591784
2019-08-28T16:45:58.519019Z 0 [Note] InnoDB: Database was not shutdown normally!
2019-08-28T16:45:58.519563Z 0 [Note] InnoDB: Starting crash recovery.
2019-08-28T16:45:59.691436Z 0 [Note] InnoDB: Starting an apply batch of log records to the database...
InnoDB: Progress in percent: 16 17 18 19 20 21 22 23 24 25 26 27 28 29 30 31 32 33 34 35 36 37 38 39 40 41 42 43 44 45 46 47 48 49 50 51 52 53 54 55 56 57 58 59 60 61 62 63 64 65 66 67 68 69 70 71 72 73 74 75 76 77 78 79 80 81 82 83 84 85 86 87 88 89 90 91 92 93 94 95 96 97 98 99 
2019-08-28T16:45:59.807187Z 0 [Note] InnoDB: Apply batch completed
2019-08-28T16:45:59.974361Z 0 [Note] InnoDB: Removed temporary tablespace data file: "ibtmp1"
2019-08-28T16:45:59.975037Z 0 [Note] InnoDB: Creating shared tablespace for temporary tables
2019-08-28T16:45:59.977096Z 0 [Note] InnoDB: Setting file './ibtmp1' size to 12 MB. Physically writing the file full; Please wait ...
2019-08-28T16:46:00.179776Z 0 [Note] InnoDB: File './ibtmp1' size is now 12 MB.
2019-08-28T16:46:00.182248Z 0 [Note] InnoDB: 96 redo rollback segment(s) found. 96 redo rollback segment(s) are active.
2019-08-28T16:46:00.182983Z 0 [Note] InnoDB: 32 non-redo rollback segment(s) are active.
2019-08-28T16:46:00.219199Z 0 [Note] InnoDB: 5.7.23 started; log sequence number 2591784
2019-08-28T16:46:00.222667Z 0 [Note] InnoDB: Loading buffer pool(s) from /var/lib/mysql/ib_buffer_pool
2019-08-28T16:46:00.226633Z 0 [Note] Plugin 'FEDERATED' is disabled.
2019-08-28T16:46:00.254856Z 0 [Note] InnoDB: Buffer pool(s) load completed at 190828 16:46:00
2019-08-28T16:46:00.289943Z 0 [Warning] Failed to set up SSL because of the following SSL library error: SSL context is not usable without certificate and private key
2019-08-28T16:46:00.290946Z 0 [Note] Server hostname (bind-address): '*'; port: 3306
2019-08-28T16:46:00.330916Z 0 [Note] IPv6 is available.
2019-08-28T16:46:00.333542Z 0 [Note]   - '::' resolves to '::';
2019-08-28T16:46:00.333763Z 0 [Note] Server socket created on IP: '::'.
2019-08-28T16:46:00.340462Z 0 [Warning] Insecure configuration for --pid-file: Location '/var/run/mysqld' in the path is accessible to all OS users. Consider choosing a different directory.
2019-08-28T16:46:00.494636Z 0 [ERROR] /usr/sbin/mysqld: Table './mysql/user' is marked as crashed and should be repaired
2019-08-28T16:46:00.496679Z 0 [Warning] Checking table:   './mysql/user'
2019-08-28T16:46:00.498394Z 0 [ERROR] 1 client is using or hasn't closed the table properly
2019-08-28T16:46:00.505617Z 0 [Warning] 'user' entry 'root@localhost' ignored in --skip-name-resolve mode.
2019-08-28T16:46:00.506542Z 0 [Warning] 'user' entry 'mysql.session@localhost' ignored in --skip-name-resolve mode.
2019-08-28T16:46:00.509723Z 0 [Warning] 'user' entry 'mysql.sys@localhost' ignored in --skip-name-resolve mode.
2019-08-28T16:46:00.510725Z 0 [Warning] 'db' entry 'performance_schema mysql.session@localhost' ignored in --skip-name-resolve mode.
2019-08-28T16:46:00.512125Z 0 [Warning] 'db' entry 'sys mysql.sys@localhost' ignored in --skip-name-resolve mode.
2019-08-28T16:46:00.514014Z 0 [Warning] 'proxies_priv' entry '@ root@localhost' ignored in --skip-name-resolve mode.
2019-08-28T16:46:00.565746Z 0 [Warning] 'tables_priv' entry 'user mysql.session@localhost' ignored in --skip-name-resolve mode.
2019-08-28T16:46:00.566200Z 0 [Warning] 'tables_priv' entry 'sys_config mysql.sys@localhost' ignored in --skip-name-resolve mode.
2019-08-28T16:46:00.671432Z 0 [Note] Event Scheduler: Loaded 0 events
2019-08-28T16:46:00.681089Z 0 [Note] /usr/sbin/mysqld: ready for connections.
Version: '5.7.23'  socket: '/var/run/mysqld/mysqld.sock'  port: 3306  MySQL Community Server (GPL)
2019-08-28T16:46:11.195639Z 4 [ERROR] /usr/sbin/mysqld: Table './mysql/proc' is marked as crashed and should be repaired
2019-08-28T16:46:11.196131Z 4 [Warning] Checking table:   './mysql/proc'
2019-08-28T16:46:11.230352Z 6 [Warning] 'user' entry 'root@localhost' ignored in --skip-name-resolve mode.
2019-08-28T16:46:11.230625Z 6 [Warning] 'user' entry 'mysql.session@localhost' ignored in --skip-name-resolve mode.
2019-08-28T16:46:11.230778Z 6 [Warning] 'user' entry 'mysql.sys@localhost' ignored in --skip-name-resolve mode.
2019-08-28T16:46:11.231002Z 6 [Warning] 'db' entry 'performance_schema mysql.session@localhost' ignored in --skip-name-resolve mode.
2019-08-28T16:46:11.231197Z 6 [Warning] 'db' entry 'sys mysql.sys@localhost' ignored in --skip-name-resolve mode.
2019-08-28T16:46:11.231506Z 6 [Warning] 'proxies_priv' entry '@ root@localhost' ignored in --skip-name-resolve mode.
2019-08-28T16:46:11.232615Z 6 [Warning] 'tables_priv' entry 'user mysql.session@localhost' ignored in --skip-name-resolve mode.
2019-08-28T16:46:11.232948Z 6 [Warning] 'tables_priv' entry 'sys_config mysql.sys@localhost' ignored in --skip-name-resolve mode.
2019-08-28T17:08:08.767940Z 0 [Note] Giving 0 client threads a chance to die gracefully
2019-08-28T17:08:08.769076Z 0 [Note] Shutting down slave threads
2019-08-28T17:08:08.769454Z 0 [Note] Forcefully disconnecting 0 remaining clients
2019-08-28T17:08:08.770428Z 0 [Note] Event Scheduler: Purging the queue. 0 events
2019-08-28T17:08:08.770894Z 0 [Note] Binlog end
2019-08-28T17:08:08.774405Z 0 [Note] Shutting down plugin 'ngram'
2019-08-28T17:08:08.775280Z 0 [Note] Shutting down plugin 'partition'
2019-08-28T17:08:08.775553Z 0 [Note] Shutting down plugin 'BLACKHOLE'
2019-08-28T17:08:08.776364Z 0 [Note] Shutting down plugin 'ARCHIVE'
2019-08-28T17:08:08.776768Z 0 [Note] Shutting down plugin 'PERFORMANCE_SCHEMA'
2019-08-28T17:08:08.777471Z 0 [Note] Shutting down plugin 'MRG_MYISAM'
2019-08-28T17:08:08.777895Z 0 [Note] Shutting down plugin 'MyISAM'
2019-08-28T17:08:08.779275Z 0 [Note] Shutting down plugin 'INNODB_SYS_VIRTUAL'
2019-08-28T17:08:08.780247Z 0 [Note] Shutting down plugin 'INNODB_SYS_DATAFILES'
2019-08-28T17:08:08.781176Z 0 [Note] Shutting down plugin 'INNODB_SYS_TABLESPACES'
2019-08-28T17:08:08.781550Z 0 [Note] Shutting down plugin 'INNODB_SYS_FOREIGN_COLS'
2019-08-28T17:08:08.781971Z 0 [Note] Shutting down plugin 'INNODB_SYS_FOREIGN'
2019-08-28T17:08:08.783358Z 0 [Note] Shutting down plugin 'INNODB_SYS_FIELDS'
2019-08-28T17:08:08.783731Z 0 [Note] Shutting down plugin 'INNODB_SYS_COLUMNS'
2019-08-28T17:08:08.784389Z 0 [Note] Shutting down plugin 'INNODB_SYS_INDEXES'
2019-08-28T17:08:08.785051Z 0 [Note] Shutting down plugin 'INNODB_SYS_TABLESTATS'
2019-08-28T17:08:08.787152Z 0 [Note] Shutting down plugin 'INNODB_SYS_TABLES'
2019-08-28T17:08:08.788259Z 0 [Note] Shutting down plugin 'INNODB_FT_INDEX_TABLE'
2019-08-28T17:08:08.788971Z 0 [Note] Shutting down plugin 'INNODB_FT_INDEX_CACHE'
2019-08-28T17:08:08.789940Z 0 [Note] Shutting down plugin 'INNODB_FT_CONFIG'
2019-08-28T17:08:08.790906Z 0 [Note] Shutting down plugin 'INNODB_FT_BEING_DELETED'
2019-08-28T17:08:08.791909Z 0 [Note] Shutting down plugin 'INNODB_FT_DELETED'
2019-08-28T17:08:08.792877Z 0 [Note] Shutting down plugin 'INNODB_FT_DEFAULT_STOPWORD'
2019-08-28T17:08:08.793856Z 0 [Note] Shutting down plugin 'INNODB_METRICS'
2019-08-28T17:08:08.794805Z 0 [Note] Shutting down plugin 'INNODB_TEMP_TABLE_INFO'
2019-08-28T17:08:08.795812Z 0 [Note] Shutting down plugin 'INNODB_BUFFER_POOL_STATS'
2019-08-28T17:08:08.796763Z 0 [Note] Shutting down plugin 'INNODB_BUFFER_PAGE_LRU'
2019-08-28T17:08:08.798004Z 0 [Note] Shutting down plugin 'INNODB_BUFFER_PAGE'
2019-08-28T17:08:08.799201Z 0 [Note] Shutting down plugin 'INNODB_CMP_PER_INDEX_RESET'
2019-08-28T17:08:08.800005Z 0 [Note] Shutting down plugin 'INNODB_CMP_PER_INDEX'
2019-08-28T17:08:08.800358Z 0 [Note] Shutting down plugin 'INNODB_CMPMEM_RESET'
2019-08-28T17:08:08.800890Z 0 [Note] Shutting down plugin 'INNODB_CMPMEM'
2019-08-28T17:08:08.801183Z 0 [Note] Shutting down plugin 'INNODB_CMP_RESET'
2019-08-28T17:08:08.801414Z 0 [Note] Shutting down plugin 'INNODB_CMP'
2019-08-28T17:08:08.801659Z 0 [Note] Shutting down plugin 'INNODB_LOCK_WAITS'
2019-08-28T17:08:08.802031Z 0 [Note] Shutting down plugin 'INNODB_LOCKS'
2019-08-28T17:08:08.807183Z 0 [Note] Shutting down plugin 'INNODB_TRX'
2019-08-28T17:08:08.808547Z 0 [Note] Shutting down plugin 'InnoDB'
2019-08-28T17:08:08.809520Z 0 [Note] InnoDB: FTS optimize thread exiting.
2019-08-28T17:08:08.810972Z 0 [Note] InnoDB: Starting shutdown...
2019-08-28T17:08:08.912673Z 0 [Note] InnoDB: Dumping buffer pool(s) to /var/lib/mysql/ib_buffer_pool
2019-08-28T17:08:08.914641Z 0 [Note] InnoDB: Buffer pool(s) dump completed at 190828 17:08:08
2019-08-28T17:08:10.255734Z 0 [Note] InnoDB: Shutdown completed; log sequence number 3910623
2019-08-28T17:08:10.263868Z 0 [Note] InnoDB: Removed temporary tablespace data file: "ibtmp1"
2019-08-28T17:08:10.264312Z 0 [Note] Shutting down plugin 'MEMORY'
2019-08-28T17:08:10.264600Z 0 [Note] Shutting down plugin 'CSV'
2019-08-28T17:08:10.264997Z 0 [Note] Shutting down plugin 'sha256_password'
2019-08-28T17:08:10.266235Z 0 [Note] Shutting down plugin 'mysql_native_password'
2019-08-28T17:08:10.267439Z 0 [Note] Shutting down plugin 'binlog'
2019-08-28T17:08:10.269506Z 0 [Note] /usr/sbin/mysqld: Shutdown complete

2019-08-28T20:01:48.476424Z 0 [Warning] TIMESTAMP with implicit DEFAULT value is deprecated. Please use --explicit_defaults_for_timestamp server option (see documentation for more details).
2019-08-28T20:01:48.537424Z 0 [Note] /usr/sbin/mysqld (mysqld 5.7.23) starting as process 94 ...
2019-08-28T20:01:48.913101Z 0 [Note] InnoDB: PUNCH HOLE support available
2019-08-28T20:01:48.914051Z 0 [Note] InnoDB: Mutexes and rw_locks use GCC atomic builtins
2019-08-28T20:01:48.915133Z 0 [Note] InnoDB: Uses event mutexes
2019-08-28T20:01:48.916010Z 0 [Note] InnoDB: GCC builtin __atomic_thread_fence() is used for memory barrier
2019-08-28T20:01:48.916533Z 0 [Note] InnoDB: Compressed tables use zlib 1.2.3
2019-08-28T20:01:48.918177Z 0 [Note] InnoDB: Using Linux native AIO
2019-08-28T20:01:48.929807Z 0 [Note] InnoDB: Number of pools: 1
2019-08-28T20:01:48.932819Z 0 [Note] InnoDB: Using CPU crc32 instructions
2019-08-28T20:01:48.956440Z 0 [Note] InnoDB: Initializing buffer pool, total size = 32M, instances = 1, chunk size = 32M
2019-08-28T20:01:49.013328Z 0 [Note] InnoDB: Completed initialization of buffer pool
2019-08-28T20:01:49.037322Z 0 [Note] InnoDB: If the mysqld execution user is authorized, page cleaner thread priority can be changed. See the man page of setpriority().
2019-08-28T20:01:49.054324Z 0 [Note] InnoDB: Highest supported file format is Barracuda.
2019-08-28T20:01:49.162525Z 0 [Note] InnoDB: Creating shared tablespace for temporary tables
2019-08-28T20:01:49.163345Z 0 [Note] InnoDB: Setting file './ibtmp1' size to 12 MB. Physically writing the file full; Please wait ...
2019-08-28T20:01:49.322314Z 0 [Note] InnoDB: File './ibtmp1' size is now 12 MB.
2019-08-28T20:01:49.346450Z 0 [Note] InnoDB: 96 redo rollback segment(s) found. 96 redo rollback segment(s) are active.
2019-08-28T20:01:49.347702Z 0 [Note] InnoDB: 32 non-redo rollback segment(s) are active.
2019-08-28T20:01:49.350098Z 0 [Note] InnoDB: Waiting for purge to start
2019-08-28T20:01:49.447779Z 0 [Note] InnoDB: 5.7.23 started; log sequence number 3910623
2019-08-28T20:01:49.450291Z 0 [Note] Plugin 'FEDERATED' is disabled.
2019-08-28T20:01:49.455945Z 0 [Warning] Failed to set up SSL because of the following SSL library error: SSL context is not usable without certificate and private key
2019-08-28T20:01:49.456663Z 0 [Note] Server hostname (bind-address): '*'; port: 3306
2019-08-28T20:01:49.457126Z 0 [Note] IPv6 is available.
2019-08-28T20:01:49.487286Z 0 [Note] InnoDB: Loading buffer pool(s) from /var/lib/mysql/ib_buffer_pool
2019-08-28T20:01:49.490433Z 0 [Note] InnoDB: Buffer pool(s) load completed at 190828 20:01:49
2019-08-28T20:01:49.496803Z 0 [Note]   - '::' resolves to '::';
2019-08-28T20:01:49.497234Z 0 [Note] Server socket created on IP: '::'.
2019-08-28T20:01:49.536207Z 0 [Warning] 'user' entry 'root@localhost' ignored in --skip-name-resolve mode.
2019-08-28T20:01:49.547535Z 0 [Warning] 'user' entry 'mysql.session@localhost' ignored in --skip-name-resolve mode.
2019-08-28T20:01:49.548030Z 0 [Warning] 'user' entry 'mysql.sys@localhost' ignored in --skip-name-resolve mode.
2019-08-28T20:01:49.548798Z 0 [Warning] 'db' entry 'performance_schema mysql.session@localhost' ignored in --skip-name-resolve mode.
2019-08-28T20:01:49.549174Z 0 [Warning] 'db' entry 'sys mysql.sys@localhost' ignored in --skip-name-resolve mode.
2019-08-28T20:01:49.551337Z 0 [Warning] 'proxies_priv' entry '@ root@localhost' ignored in --skip-name-resolve mode.
2019-08-28T20:01:49.573693Z 0 [Warning] 'tables_priv' entry 'user mysql.session@localhost' ignored in --skip-name-resolve mode.
2019-08-28T20:01:49.577683Z 0 [Warning] 'tables_priv' entry 'sys_config mysql.sys@localhost' ignored in --skip-name-resolve mode.
2019-08-28T20:01:49.753971Z 0 [Note] Event Scheduler: Loaded 0 events
2019-08-28T20:01:49.754809Z 0 [Note] /usr/sbin/mysqld: ready for connections.
Version: '5.7.23'  socket: '/var/run/mysqld/mysqld.sock'  port: 3306  MySQL Community Server (GPL)
2019-08-28T20:06:48.969959Z 0 [Note] InnoDB: page_cleaner: 1000ms intended loop took 6082ms. The settings might not be optimal. (flushed=0 and evicted=0, during the time.)
2019-08-28T20:53:20.995699Z 0 [Note] Giving 0 client threads a chance to die gracefully
2019-08-28T20:53:20.997352Z 0 [Note] Shutting down slave threads
2019-08-28T20:53:20.998070Z 0 [Note] Forcefully disconnecting 0 remaining clients
2019-08-28T20:53:20.999958Z 0 [Note] Event Scheduler: Purging the queue. 0 events
2019-08-28T20:53:21.002437Z 0 [Note] Binlog end
2019-08-28T20:53:21.010794Z 0 [Note] Shutting down plugin 'ngram'
2019-08-28T20:53:21.011246Z 0 [Note] Shutting down plugin 'partition'
2019-08-28T20:53:21.021077Z 0 [Note] Shutting down plugin 'BLACKHOLE'
2019-08-28T20:53:21.021827Z 0 [Note] Shutting down plugin 'ARCHIVE'
2019-08-28T20:53:21.022694Z 0 [Note] Shutting down plugin 'PERFORMANCE_SCHEMA'
2019-08-28T20:53:21.023242Z 0 [Note] Shutting down plugin 'MRG_MYISAM'
2019-08-28T20:53:21.023601Z 0 [Note] Shutting down plugin 'MyISAM'
2019-08-28T20:53:21.023921Z 0 [Note] Shutting down plugin 'INNODB_SYS_VIRTUAL'
2019-08-28T20:53:21.024734Z 0 [Note] Shutting down plugin 'INNODB_SYS_DATAFILES'
2019-08-28T20:53:21.025382Z 0 [Note] Shutting down plugin 'INNODB_SYS_TABLESPACES'
2019-08-28T20:53:21.026170Z 0 [Note] Shutting down plugin 'INNODB_SYS_FOREIGN_COLS'
2019-08-28T20:53:21.029206Z 0 [Note] Shutting down plugin 'INNODB_SYS_FOREIGN'
2019-08-28T20:53:21.029658Z 0 [Note] Shutting down plugin 'INNODB_SYS_FIELDS'
2019-08-28T20:53:21.050972Z 0 [Note] Shutting down plugin 'INNODB_SYS_COLUMNS'
2019-08-28T20:53:21.052894Z 0 [Note] Shutting down plugin 'INNODB_SYS_INDEXES'
2019-08-28T20:53:21.053776Z 0 [Note] Shutting down plugin 'INNODB_SYS_TABLESTATS'
2019-08-28T20:53:21.054428Z 0 [Note] Shutting down plugin 'INNODB_SYS_TABLES'
2019-08-28T20:53:21.056280Z 0 [Note] Shutting down plugin 'INNODB_FT_INDEX_TABLE'
2019-08-28T20:53:21.057635Z 0 [Note] Shutting down plugin 'INNODB_FT_INDEX_CACHE'
2019-08-28T20:53:21.058576Z 0 [Note] Shutting down plugin 'INNODB_FT_CONFIG'
2019-08-28T20:53:21.059469Z 0 [Note] Shutting down plugin 'INNODB_FT_BEING_DELETED'
2019-08-28T20:53:21.059941Z 0 [Note] Shutting down plugin 'INNODB_FT_DELETED'
2019-08-28T20:53:21.060530Z 0 [Note] Shutting down plugin 'INNODB_FT_DEFAULT_STOPWORD'
2019-08-28T20:53:21.061457Z 0 [Note] Shutting down plugin 'INNODB_METRICS'
2019-08-28T20:53:21.062410Z 0 [Note] Shutting down plugin 'INNODB_TEMP_TABLE_INFO'
2019-08-28T20:53:21.063504Z 0 [Note] Shutting down plugin 'INNODB_BUFFER_POOL_STATS'
2019-08-28T20:53:21.064208Z 0 [Note] Shutting down plugin 'INNODB_BUFFER_PAGE_LRU'
2019-08-28T20:53:21.064621Z 0 [Note] Shutting down plugin 'INNODB_BUFFER_PAGE'
2019-08-28T20:53:21.065322Z 0 [Note] Shutting down plugin 'INNODB_CMP_PER_INDEX_RESET'
2019-08-28T20:53:21.065587Z 0 [Note] Shutting down plugin 'INNODB_CMP_PER_INDEX'
2019-08-28T20:53:21.065843Z 0 [Note] Shutting down plugin 'INNODB_CMPMEM_RESET'
2019-08-28T20:53:21.066312Z 0 [Note] Shutting down plugin 'INNODB_CMPMEM'
2019-08-28T20:53:21.066643Z 0 [Note] Shutting down plugin 'INNODB_CMP_RESET'
2019-08-28T20:53:21.066952Z 0 [Note] Shutting down plugin 'INNODB_CMP'
2019-08-28T20:53:21.067325Z 0 [Note] Shutting down plugin 'INNODB_LOCK_WAITS'
2019-08-28T20:53:21.068258Z 0 [Note] Shutting down plugin 'INNODB_LOCKS'
2019-08-28T20:53:21.068599Z 0 [Note] Shutting down plugin 'INNODB_TRX'
2019-08-28T20:53:21.068908Z 0 [Note] Shutting down plugin 'InnoDB'
2019-08-28T20:53:21.070158Z 0 [Note] InnoDB: FTS optimize thread exiting.
2019-08-28T20:53:21.071254Z 0 [Note] InnoDB: Starting shutdown...
2019-08-28T20:53:21.174286Z 0 [Note] InnoDB: Dumping buffer pool(s) to /var/lib/mysql/ib_buffer_pool
2019-08-28T20:53:21.175942Z 0 [Note] InnoDB: Buffer pool(s) dump completed at 190828 20:53:21
2019-08-28T20:53:22.217939Z 0 [Note] InnoDB: Shutdown completed; log sequence number 3938508
2019-08-28T20:53:22.239740Z 0 [Note] InnoDB: Removed temporary tablespace data file: "ibtmp1"
2019-08-28T20:53:22.250924Z 0 [Note] Shutting down plugin 'MEMORY'
2019-08-28T20:53:22.253177Z 0 [Note] Shutting down plugin 'CSV'
2019-08-28T20:53:22.253485Z 0 [Note] Shutting down plugin 'sha256_password'
2019-08-28T20:53:22.254109Z 0 [Note] Shutting down plugin 'mysql_native_password'
2019-08-28T20:53:22.255146Z 0 [Note] Shutting down plugin 'binlog'
2019-08-28T20:53:22.257028Z 0 [Note] /usr/sbin/mysqld: Shutdown complete

